<?xml version="1.0" encoding="UTF-8"?>
<testng-results skipped="0" failed="0" ignored="0" total="2" passed="2">
  <reporter-output>
  </reporter-output>
  <suite name="Suite1" duration-ms="22232" started-at="2020-01-21T05:05:24Z" finished-at="2020-01-21T05:05:47Z">
    <groups>
    </groups>
    <test name="Test1" duration-ms="22232" started-at="2020-01-21T05:05:24Z" finished-at="2020-01-21T05:05:47Z">
      <class name="test.GoogleSearchTestNG">
        <test-method status="PASS" signature="setUpTest()[pri:0, instance:test.GoogleSearchTestNG@68be2bc2]" name="setUpTest" is-config="true" duration-ms="8272" started-at="2020-01-20T21:05:24Z" finished-at="2020-01-20T21:05:33Z">
          <reporter-output>
          </reporter-output>
        </test-method> <!-- setUpTest -->
        <test-method status="PASS" signature="setUpTest()[pri:0, instance:test.GoogleSearchTestNG2@28feb3fa]" name="setUpTest" is-config="true" duration-ms="2665" started-at="2020-01-20T21:05:33Z" finished-at="2020-01-20T21:05:35Z">
          <reporter-output>
          </reporter-output>
        </test-method> <!-- setUpTest -->
        <test-method status="PASS" signature="googleSearch()[pri:0, instance:test.GoogleSearchTestNG@68be2bc2]" name="googleSearch" duration-ms="4320" started-at="2020-01-20T21:05:35Z" finished-at="2020-01-20T21:05:40Z">
          <reporter-output>
          </reporter-output>
        </test-method> <!-- googleSearch -->
        <test-method status="PASS" signature="PostTest()[pri:0, instance:test.GoogleSearchTestNG@68be2bc2]" name="PostTest" is-config="true" duration-ms="426" started-at="2020-01-20T21:05:44Z" finished-at="2020-01-20T21:05:44Z">
          <reporter-output>
          </reporter-output>
        </test-method> <!-- PostTest -->
        <test-method status="PASS" signature="PostTest()[pri:0, instance:test.GoogleSearchTestNG2@28feb3fa]" name="PostTest" is-config="true" duration-ms="2367" started-at="2020-01-20T21:05:44Z" finished-at="2020-01-20T21:05:47Z">
          <reporter-output>
          </reporter-output>
        </test-method> <!-- PostTest -->
      </class> <!-- test.GoogleSearchTestNG -->
      <class name="test.GoogleSearchTestNG2">
        <test-method status="PASS" signature="googleSearch()[pri:0, instance:test.GoogleSearchTestNG2@28feb3fa]" name="googleSearch" duration-ms="4152" started-at="2020-01-20T21:05:40Z" finished-at="2020-01-20T21:05:44Z">
          <reporter-output>
          </reporter-output>
        </test-method> <!-- googleSearch -->
      </class> <!-- test.GoogleSearchTestNG2 -->
    </test> <!-- Test1 -->
  </suite> <!-- Suite1 -->
</testng-results>
